<?xml version="1.0" encoding="UTF-8"?>
<!-- Generated by org.testng.reporters.JUnitReportReporter -->
<testsuite hostname="AKHIL" failures="0" tests="2" name="testScripts.PlaceOrderTest" time="2.470" errors="0" timestamp="2023-05-15T12:02:53 IST" skipped="0">
  <testcase classname="testScripts.PlaceOrderTest" name="clickCheckOut" time="1.568"/>
  <system-out/>
  <testcase classname="testScripts.PlaceOrderTest" name="addItemTest" time="0.902"/>
  <system-out/>
</testsuite> <!-- testScripts.PlaceOrderTest -->
